<?xml version="1.0" encoding="UTF-8"?>
<!-- Generated by org.testng.reporters.JUnitReportReporter -->
<testsuite hostname="nbex14x6F" failures="0" tests="1" name="tests.CP001_Login_Fallido" time="18.913" errors="0" timestamp="21 jul. 2022 22:51:10 GMT" skipped="0">
  <testcase classname="tests.CP001_Login_Fallido" name="CP001_Login_Fallido" time="18.913"/>
</testsuite> <!-- tests.CP001_Login_Fallido -->
