<?xml version="1.0" encoding="UTF-8"?>
<!-- Generated by org.testng.reporters.JUnitReportReporter -->
<testsuite hostname="nbex14x6F" failures="0" tests="1" name="tests.CP005_Correo_Erroneo" time="36.259" errors="0" timestamp="21 jul. 2022 22:51:10 GMT" skipped="0">
  <testcase classname="tests.CP005_Correo_Erroneo" name="CP005_CorreoErroneo" time="36.259"/>
</testsuite> <!-- tests.CP005_Correo_Erroneo -->
