<?xml version="1.0" encoding="UTF-8"?>
<!-- Generated by org.testng.reporters.JUnitReportReporter -->
<testsuite hostname="nbex14x6F" failures="0" tests="1" name="tests.CP007_Confirmar_Correo_Correcto" time="35.077" errors="0" timestamp="21 jul. 2022 22:51:10 GMT" skipped="0">
  <testcase classname="tests.CP007_Confirmar_Correo_Correcto" name="CP007_Confirmar_Correo_Correcto" time="35.077"/>
</testsuite> <!-- tests.CP007_Confirmar_Correo_Correcto -->
