<?xml version="1.0" encoding="UTF-8"?>
<!-- Generated by org.testng.reporters.JUnitReportReporter -->
<testsuite hostname="nbex14x6F" failures="0" tests="1" name="tests.CP008_Confirmar_Correo_Incorrecto" time="46.779" errors="0" timestamp="21 jul. 2022 22:51:10 GMT" skipped="0">
  <testcase classname="tests.CP008_Confirmar_Correo_Incorrecto" name="CP008_Confirmar_Correo_Incorrecto" time="46.779"/>
</testsuite> <!-- tests.CP008_Confirmar_Correo_Incorrecto -->
