<?xml version="1.0" encoding="UTF-8"?>
<!-- Generated by org.testng.reporters.JUnitReportReporter -->
<testsuite hostname="nbex14x6F" failures="0" tests="1" name="tests.CP004_Registrarte" time="38.138" errors="0" timestamp="21 jul. 2022 22:51:10 GMT" skipped="0">
  <testcase classname="tests.CP004_Registrarte" name="CP004_Registrarte" time="38.138"/>
</testsuite> <!-- tests.CP004_Registrarte -->
